Sat Nov 15 09:51:00 GMT 2025: File '/home/obunm/data/logs/setup.log does not exist'
Sat Nov 15 09:51:27 GMT 2025: File '/home/obunm/data/logs/setup.log' exists 
Sat Nov 15 09:58:59 GMT 2025: File '/home/obunm/data/logs/setup.log' exists 
Sat Nov 15 10:17:45 GMT 2025: pip installation upgrade is successful
Sat Nov 15 10:25:34 GMT 2025: pip installation upgrade is successful
Sat Nov 15 10:32:07 GMT 2025: pip installation upgrade is successful
Sat Nov 15 10:32:07 GMT 2025: gitignore /home/obunm/linux_tasks/venv/.gitignore file exists
Sat Nov 15 11:43:22 GMT 2025: pip installation upgrade is successful
Sat Nov 15 11:43:22 GMT 2025: gitignore /home/obunm/linux_tasks/venv/.gitignore file exists
Pandas installed Sat Nov 15 11:43:29 GMT 2025
Sat Nov 15 11:56:12 GMT 2025: pip installation upgrade is successful
Sat Nov 15 11:56:12 GMT 2025: gitignore /home/obunm/linux_tasks/venv/.gitignore file exists
Sat Nov 15 11:56:12 GMT 2025: Pandas installed 
 Sat Nov 15 11:56:13 GMT 2025: requests installation failed
Sat Nov 15 11:58:16 GMT 2025: pip installation upgrade is successful
Sat Nov 15 11:58:16 GMT 2025: gitignore /home/obunm/linux_tasks/venv/.gitignore file exists
Sat Nov 15 11:58:16 GMT 2025: Pandas installed 
Sat Nov 15 11:58:16 GMT 2025: requests installed
Sat Nov 15 12:26:28 GMT 2025: Virtual environment exists
Sat Nov 15 12:26:29 GMT 2025: pip installation upgrade is successful
Sat Nov 15 12:26:29 GMT 2025: gitignore /home/obunm/linux_tasks/venv/.gitignore file exists
Sat Nov 15 12:26:29 GMT 2025: Pandas installed 
Sat Nov 15 12:26:29 GMT 2025: requests installed
Sat Nov 15 12:39:29 GMT 2025: Virtual environment exists
Sat Nov 15 12:39:30 GMT 2025: pip installation upgrade is successful
Sat Nov 15 12:39:30 GMT 2025: gitignore /home/obunm/linux_tasks/venv/.gitignore file exists
Sat Nov 15 12:39:30 GMT 2025: Pandas installed 
Sat Nov 15 12:39:30 GMT 2025: requests installed
Sat Nov 15 13:01:15 GMT 2025: Virtual environment exists
Sat Nov 15 13:01:16 GMT 2025: pip installation upgrade is successful
Sat Nov 15 13:01:16 GMT 2025: gitignore /home/obunm/linux_tasks/venv/.gitignore file exists
Sat Nov 15 13:01:16 GMT 2025: Pandas installed 
Sat Nov 15 13:01:16 GMT 2025: requests installed
\033[0;34m [info] Sat Nov 15 13:13:20 GMT 2025: Virtual environment exists
Sat Nov 15 13:13:21 GMT 2025: pip installation upgrade is successful
Sat Nov 15 13:13:21 GMT 2025: gitignore /home/obunm/linux_tasks/venv/.gitignore file exists
Sat Nov 15 13:13:21 GMT 2025: Pandas installed 
Sat Nov 15 13:13:21 GMT 2025: requests installed
\033[0;34m Sat Nov 15 13:15:41 GMT 2025: Virtual environment exists
Sat Nov 15 13:15:41 GMT 2025: pip installation upgrade is successful
Sat Nov 15 13:15:41 GMT 2025: gitignore /home/obunm/linux_tasks/venv/.gitignore file exists
Sat Nov 15 13:15:41 GMT 2025: Pandas installed 
Sat Nov 15 13:15:42 GMT 2025: requests installed
\033[0;34m Sun Nov 16 16:21:03 GMT 2025: Virtual environment exists
Sun Nov 16 16:21:04 GMT 2025: pip installation upgrade is successful
Sun Nov 16 16:21:04 GMT 2025: gitignore /home/obunm/linux_tasks/venv/.gitignore file exists
Sun Nov 16 16:21:04 GMT 2025: Pandas installed 
Sun Nov 16 16:21:05 GMT 2025: requests installed
Sun Nov 16 16:42:12 GMT 2025: Virtual environment exists
Sun Nov 16 16:42:13 GMT 2025: pip installation upgrade is successful
Sun Nov 16 16:42:13 GMT 2025: gitignore /home/obunm/linux_tasks/venv/.gitignore file exists
Sun Nov 16 16:42:13 GMT 2025: Pandas installed 
Sun Nov 16 16:42:14 GMT 2025: requests installed
Sun Nov 16 16:45:04 GMT 2025: Virtual environment exists
Sun Nov 16 16:45:05 GMT 2025: pip installation upgrade is successful
Sun Nov 16 16:45:05 GMT 2025: gitignore /home/obunm/linux_tasks/venv/.gitignore file exists
Sun Nov 16 16:45:05 GMT 2025: Pandas installed 
Sun Nov 16 16:45:06 GMT 2025: requests installed
Sun Nov 16 17:11:15 GMT 2025: Virtual environment exists
Sun Nov 16 17:11:16 GMT 2025: pip installation upgrade is successful
Sun Nov 16 17:11:16 GMT 2025: gitignore /home/obunm/linux_tasks/venv/.gitignore file exists
Sun Nov 16 17:11:16 GMT 2025: Pandas installed 
Sun Nov 16 17:11:17 GMT 2025: requests installed
Sun Nov 16 17:12:51 GMT 2025: Virtual environment exists
Sun Nov 16 17:12:52 GMT 2025: pip installation upgrade is successful
Sun Nov 16 17:12:52 GMT 2025: gitignore /home/obunm/linux_tasks/venv/.gitignore file exists
Sun Nov 16 17:12:52 GMT 2025: Pandas installed 
Sun Nov 16 17:12:53 GMT 2025: requests installed
Sun Nov 16 17:14:59 GMT 2025: Virtual environment exists
Sun Nov 16 17:14:59 GMT 2025: pip installation upgrade is successful
Sun Nov 16 17:14:59 GMT 2025: gitignore /home/obunm/linux_tasks/venv/.gitignore file exists
Sun Nov 16 17:15:00 GMT 2025: Pandas installed 
Sun Nov 16 17:15:00 GMT 2025: requests installed
Sun Nov 16 17:15:56 GMT 2025: Virtual environment exists
Sun Nov 16 17:15:56 GMT 2025: pip installation upgrade is successful
Sun Nov 16 17:15:56 GMT 2025: gitignore /home/obunm/linux_tasks/venv/.gitignore file exists
Sun Nov 16 17:15:57 GMT 2025: Pandas installed 
Sun Nov 16 17:15:57 GMT 2025: requests installed
Sun Nov 16 17:19:33 GMT 2025: Virtual environment exists
Sun Nov 16 17:19:34 GMT 2025: pip installation upgrade is successful
Sun Nov 16 17:19:34 GMT 2025: gitignore /home/obunm/linux_tasks/venv/.gitignore file exists
Sun Nov 16 17:19:34 GMT 2025: Pandas installed 
Sun Nov 16 17:19:35 GMT 2025: requests installed
Sun Nov 16 17:27:01 GMT 2025: Virtual environment exists
Sun Nov 16 17:27:02 GMT 2025: pip installation upgrade is successful
Sun Nov 16 17:27:02 GMT 2025: gitignore /home/obunm/linux_tasks/venv/.gitignore file exists
Sun Nov 16 17:27:02 GMT 2025: Pandas installed 
Sun Nov 16 17:27:03 GMT 2025: requests installed
Sun Nov 16 17:29:29 GMT 2025: Virtual environment exists
Sun Nov 16 17:29:29 GMT 2025: pip installation upgrade is successful
Sun Nov 16 17:29:29 GMT 2025: gitignore /home/obunm/linux_tasks/venv/.gitignore file exists
Sun Nov 16 17:29:29 GMT 2025: Pandas installed 
Sun Nov 16 17:29:30 GMT 2025: requests installed
Sun Nov 16 17:37:52 GMT 2025: Virtual environment exists
Sun Nov 16 17:37:53 GMT 2025: pip installation upgrade is successful
Sun Nov 16 17:37:53 GMT 2025: gitignore /home/obunm/linux_tasks/venv/.gitignore file exists
Sun Nov 16 17:37:53 GMT 2025: Pandas installed 
Sun Nov 16 17:37:54 GMT 2025: requests installed
Sun Nov 16 17:40:20 GMT 2025: Virtual environment exists
Sun Nov 16 17:40:20 GMT 2025: pip installation upgrade is successful
Sun Nov 16 17:40:20 GMT 2025: gitignore /home/obunm/linux_tasks/venv/.gitignore file exists
Sun Nov 16 17:40:21 GMT 2025: Pandas installed 
Sun Nov 16 17:40:21 GMT 2025: requests installed
Sun Nov 16 17:46:52 GMT 2025: Virtual environment exists
Sun Nov 16 17:46:52 GMT 2025: pip installation upgrade is successful
Sun Nov 16 17:46:52 GMT 2025: gitignore /home/obunm/linux_tasks/venv/.gitignore file exists
Sun Nov 16 17:46:53 GMT 2025: Pandas installed 
Sun Nov 16 17:46:53 GMT 2025: requests installed
Sun Nov 16 17:48:22 GMT 2025: Virtual environment exists
Sun Nov 16 17:48:23 GMT 2025: pip installation upgrade is successful
Sun Nov 16 17:48:23 GMT 2025: gitignore /home/obunm/linux_tasks/venv/.gitignore file exists
Sun Nov 16 17:48:23 GMT 2025: Pandas installed 
Sun Nov 16 17:48:24 GMT 2025: requests installed
Sun Nov 16 17:49:33 GMT 2025: Virtual environment exists
Sun Nov 16 17:49:34 GMT 2025: pip installation upgrade is successful
Sun Nov 16 17:49:34 GMT 2025: gitignore /home/obunm/linux_tasks/venv/.gitignore file exists
Sun Nov 16 17:49:34 GMT 2025: Pandas installed 
Sun Nov 16 17:49:35 GMT 2025: requests installed
Sun Nov 16 17:51:27 GMT 2025: Virtual environment exists
Sun Nov 16 17:51:28 GMT 2025: pip installation upgrade is successful
Sun Nov 16 17:51:28 GMT 2025: gitignore /home/obunm/linux_tasks/venv/.gitignore file exists
Sun Nov 16 17:51:28 GMT 2025: Pandas installed 
Sun Nov 16 17:51:29 GMT 2025: requests installed
Sun Nov 16 17:54:39 GMT 2025: Virtual environment exists
Sun Nov 16 17:54:40 GMT 2025: pip installation upgrade is successful
Sun Nov 16 17:54:40 GMT 2025: gitignore /home/obunm/linux_tasks/venv/.gitignore file exists
Sun Nov 16 17:54:40 GMT 2025: Pandas installed 
Sun Nov 16 17:54:40 GMT 2025: requests installed
Sun Nov 16 17:55:40 GMT 2025: Virtual environment exists
Sun Nov 16 17:55:41 GMT 2025: pip installation upgrade is successful
Sun Nov 16 17:55:41 GMT 2025: gitignore /home/obunm/linux_tasks/venv/.gitignore file exists
Sun Nov 16 17:55:41 GMT 2025: Pandas installed 
Sun Nov 16 17:55:42 GMT 2025: requests installed
Sun Nov 16 18:52:32 GMT 2025: Virtual environment exists
Sun Nov 16 18:52:32 GMT 2025: Virtual environment activated successfully
Sun Nov 16 18:52:33 GMT 2025: pip installation upgrade is successful
Sun Nov 16 18:52:33 GMT 2025: gitignore /home/obunm/linux_tasks/venv/.gitignore file exists
Sun Nov 16 18:52:33 GMT 2025: Pandas installed 
Sun Nov 16 18:52:33 GMT 2025: requests installed
Sun Nov 16 18:55:09 GMT 2025: Virtual environment exists
Sun Nov 16 18:55:09 GMT 2025: Virtual environment activated successfully
Sun Nov 16 18:55:09 GMT 2025: pip installation upgrade is successful
Sun Nov 16 18:55:09 GMT 2025: gitignore /home/obunm/linux_tasks/venv/.gitignore file exists
Sun Nov 16 18:55:10 GMT 2025: Pandas installed 
Sun Nov 16 18:55:10 GMT 2025: requests installed
[0;34mWed Nov 19 02:58:23 GMT 2025: Virtual environment exists.[0m
Wed Nov 19 02:58:23 GMT 2025: Virtual environment activated successfully
Wed Nov 19 02:58:24 GMT 2025: pip installation upgrade is successful
Wed Nov 19 02:58:24 GMT 2025: gitignore /home/obunm/linux_tasks/venv/.gitignore file exists
Wed Nov 19 02:58:24 GMT 2025: Pandas installed 
Wed Nov 19 02:58:25 GMT 2025: requests installed
[0;34mWed Nov 19 03:16:18 GMT 2025: Virtual environment exists.[0m
[0;32mWed Nov 19 03:16:18 GMT 2025: Virtual environment activated successfully.[0m
[0;32mWed Nov 19 03:16:19 GMT 2025: pip installation upgrade is successful.[0m
[0;34mWed Nov 19 03:16:19 GMT 2025: gitignore /home/obunm/linux_tasks/venv/.gitignore file exists.[0m
[0;32mWed Nov 19 03:16:19 GMT 2025: Pandas installed 
[0;32mWed Nov 19 03:16:19 GMT 2025: requests installed.[0m
[0;34mWed Nov 19 22:35:33 GMT 2025: Virtual environment exists.[0m
[0;32mWed Nov 19 22:35:33 GMT 2025: Virtual environment activated successfully.[0m
[0;32mWed Nov 19 22:35:34 GMT 2025: pip installation upgrade is successful.[0m
[0;34mWed Nov 19 22:35:34 GMT 2025: gitignore /home/obunm/linux_tasks/venv/.gitignore file exists.[0m
[0;32mWed Nov 19 22:35:35 GMT 2025: Pandas installed 
[0;32mWed Nov 19 22:35:35 GMT 2025: requests installed.[0m
